<?xml version="1.0" encoding="UTF-8"?>
<testsuite xmlns:xsi="http://www.w3.org/2001/XMLSchema-instance" xsi:noNamespaceSchemaLocation="https://maven.apache.org/surefire/maven-surefire-plugin/xsd/surefire-test-report-3.0.xsd" version="3.0" name="edu.ucla.library.libservices.reserves.tests.GeneratorTests" time="2.143" tests="3" errors="0" skipped="0" failures="0">
  <properties>
[...]
</properties>
  <testcase name="courseTests" classname="edu.ucla.library.libservices.reserves.tests.GeneratorTests" time="2.082"/>
  <testcase name="departmentTests" classname="edu.ucla.library.libservices.reserves.tests.GeneratorTests" time="0.019"/>
  <testcase name="itemTests" classname="edu.ucla.library.libservices.reserves.tests.GeneratorTests" time="0.027"/>
</testsuite>